<?xml version="1.0" encoding="UTF-8"?>
<testsuite name="com.tibaestiago.basicprojectspringbootaws.BasicProjectSpringbootAwsApplicationTests" tests="1" skipped="0" failures="0" errors="0" timestamp="2021-06-22T14:50:05" hostname="tiago-Inspiron-5548" time="1.238">
  <properties/>
  <testcase name="contextLoads()" classname="com.tibaestiago.basicprojectspringbootaws.BasicProjectSpringbootAwsApplicationTests" time="1.238"/>
  <system-out><![CDATA[
  .   ____          _            __ _ _
 /\\ / ___'_ __ _ _(_)_ __  __ _ \ \ \ \
( ( )\___ | '_ | '_| | '_ \/ _` | \ \ \ \
 \\/  ___)| |_)| | | | | || (_| |  ) ) ) )
  '  |____| .__|_| |_|_| |_\__, | / / / /
 =========|_|==============|___/=/_/_/_/
 :: Spring Boot ::                (v2.5.0)

]]></system-out>
  <system-err><![CDATA[SLF4J: Failed to load class "org.slf4j.impl.StaticLoggerBinder".
SLF4J: Defaulting to no-operation (NOP) logger implementation
SLF4J: See http://www.slf4j.org/codes.html#StaticLoggerBinder for further details.
]]></system-err>
</testsuite>
